2025-08-01 16:30:32,314 [INFO] Activator:176 - 


2025-08-01 16:30:32,315 [INFO] Activator:177 - !SESSION log4j initialized
2025-08-01 16:30:35,515 [INFO] LogOutputStream:77 - [STDOUT_REDIRECT] 
2025-08-01 16:30:38,111 [INFO] ApplicationProperties:184 - Using Application install path: C:\ST\STM32CubeIDE_1.19.0\STM32CubeIDE\plugins\com.st.stm32cube.common.mx_6.15.0.202507011659
2025-08-01 16:30:38,130 [INFO] DbMcusXml:78 - Set database path to: C:\ST\STM32CubeIDE_1.19.0\STM32CubeIDE\plugins\com.st.stm32cube.common.mx_6.15.0.202507011659\\db\/mcu/
2025-08-01 16:30:38,130 [INFO] ApiDb:274 - Set plugin database path to: C:\ST\STM32CubeIDE_1.19.0\STM32CubeIDE\plugins\com.st.stm32cube.common.mx_6.15.0.202507011659\\db\/plugins/boardmanager/
2025-08-01 16:30:38,139 [WARN] ApiDb:259 - Overriding images path with different value:  => C:\ST\STM32CubeIDE_1.19.0\STM32CubeIDE\plugins\com.st.stm32cube.common.mx_6.15.0.202507011659\\db\/plugins/mcufinder/images/
2025-08-01 16:30:38,147 [INFO] ApiDb:250 - Set database path to: C:\Users\최혜원\.stmcufinder\plugins\mcufinder//mcu/
2025-08-01 16:30:38,148 [INFO] DbMcusAds:125 - Set database path to: C:\Users\최혜원\.stmcufinder\plugins\mcufinder//mcu/
2025-08-01 16:30:38,150 [INFO] CrossReferenceDbSqlite:203 - Set database path to: C:\Users\최혜원\.stmcufinder\plugins\mcufinder//mcu/cs/
2025-08-01 16:30:38,265 [INFO] RulesReader:64 - Compatibility file has been processed (317 Rules)
2025-08-01 16:30:38,376 [INFO] DbMcusXml:78 - Set database path to: C:\ST\STM32CubeIDE_1.19.0\STM32CubeIDE\plugins\com.st.stm32cube.common.mx_6.15.0.202507011659\\db\/mcu/
2025-08-01 16:30:38,376 [INFO] ApiDb:274 - Set plugin database path to: C:\ST\STM32CubeIDE_1.19.0\STM32CubeIDE\plugins\com.st.stm32cube.common.mx_6.15.0.202507011659\\db\/plugins/boardmanager/
2025-08-01 16:30:38,376 [INFO] ApiDb:261 - Set plugin images path to: C:\ST\STM32CubeIDE_1.19.0\STM32CubeIDE\plugins\com.st.stm32cube.common.mx_6.15.0.202507011659\\db\/plugins/mcufinder/images/
2025-08-01 16:30:38,377 [WARN] DbFile:41 - Overriding database path with different value: C:\Users\최혜원\.stmcufinder\plugins\mcufinder/ => C:\Users\최혜원\.stmcufinder\plugins\mcufinder
2025-08-01 16:30:38,377 [INFO] ApiDb:250 - Set database path to: C:\Users\최혜원\.stmcufinder\plugins\mcufinder//mcu/
2025-08-01 16:30:38,377 [WARN] DbFile:41 - Overriding database path with different value: C:\Users\최혜원\.stmcufinder\plugins\mcufinder/ => C:\Users\최혜원\.stmcufinder\plugins\mcufinder
2025-08-01 16:30:38,377 [INFO] DbMcusAds:125 - Set database path to: C:\Users\최혜원\.stmcufinder\plugins\mcufinder//mcu/
2025-08-01 16:30:38,377 [WARN] DbFile:41 - Overriding database path with different value: C:\Users\최혜원\.stmcufinder\plugins\mcufinder/ => C:\Users\최혜원\.stmcufinder\plugins\mcufinder
2025-08-01 16:30:38,377 [WARN] DbFile:41 - Overriding database path with different value: C:\Users\최혜원\.stmcufinder\plugins\mcufinder/ => C:\Users\최혜원\.stmcufinder\plugins\mcufinder
2025-08-01 16:30:38,379 [INFO] CrossReferenceDbSqlite:203 - Set database path to: C:\Users\최혜원\.stmcufinder\plugins\mcufinder//mcu/cs/
2025-08-01 16:30:38,464 [INFO] MainPanel:274 - HeapMemory: 268435456
2025-08-01 16:30:38,554 [INFO] DbMcusXml:78 - Set database path to: C:\ST\STM32CubeIDE_1.19.0\STM32CubeIDE\plugins\com.st.stm32cube.common.mx_6.15.0.202507011659\\db\/mcu/
2025-08-01 16:30:38,554 [INFO] ApiDb:274 - Set plugin database path to: C:\ST\STM32CubeIDE_1.19.0\STM32CubeIDE\plugins\com.st.stm32cube.common.mx_6.15.0.202507011659\\db\/plugins/boardmanager/
2025-08-01 16:30:38,554 [INFO] ApiDb:261 - Set plugin images path to: C:\ST\STM32CubeIDE_1.19.0\STM32CubeIDE\plugins\com.st.stm32cube.common.mx_6.15.0.202507011659\\db\/plugins/mcufinder/images/
2025-08-01 16:30:38,555 [WARN] DbFile:41 - Overriding database path with different value: C:\Users\최혜원\.stmcufinder\plugins\mcufinder/ => C:\Users\최혜원\.stmcufinder\plugins\mcufinder
2025-08-01 16:30:38,555 [INFO] ApiDb:250 - Set database path to: C:\Users\최혜원\.stmcufinder\plugins\mcufinder//mcu/
2025-08-01 16:30:38,555 [WARN] DbFile:41 - Overriding database path with different value: C:\Users\최혜원\.stmcufinder\plugins\mcufinder/ => C:\Users\최혜원\.stmcufinder\plugins\mcufinder
2025-08-01 16:30:38,555 [INFO] DbMcusAds:125 - Set database path to: C:\Users\최혜원\.stmcufinder\plugins\mcufinder//mcu/
2025-08-01 16:30:38,555 [WARN] DbFile:41 - Overriding database path with different value: C:\Users\최혜원\.stmcufinder\plugins\mcufinder/ => C:\Users\최혜원\.stmcufinder\plugins\mcufinder
2025-08-01 16:30:38,555 [WARN] DbFile:41 - Overriding database path with different value: C:\Users\최혜원\.stmcufinder\plugins\mcufinder/ => C:\Users\최혜원\.stmcufinder\plugins\mcufinder
2025-08-01 16:30:38,555 [INFO] CrossReferenceDbSqlite:203 - Set database path to: C:\Users\최혜원\.stmcufinder\plugins\mcufinder//mcu/cs/
2025-08-01 16:30:38,576 [INFO] ApplicationProperties:184 - Using Application install path: C:\ST\STM32CubeIDE_1.19.0\STM32CubeIDE\plugins\com.st.stm32cube.common.mx_6.15.0.202507011659
2025-08-01 16:30:38,578 [INFO] PluginManage:196 - Search for loadable plugins [exclusion list=, ]
2025-08-01 16:30:38,579 [INFO] PluginManage:310 - Check plugin analytics
2025-08-01 16:30:38,853 [INFO] AnalyticsPlugin:253 - Accepted Software Licenses: STM32CubeMX.6.15.0
2025-08-01 16:30:38,854 [INFO] AnalyticsPlugin:255 - Accepted CMSIS Pack Licenses: 
2025-08-01 16:30:38,854 [INFO] AnalyticsPlugin:257 - Accepted Firmware Licenses: 
2025-08-01 16:30:38,859 [INFO] PluginManage:359 - Loaded plugin analytics (category:tool,tabindex:-1)
2025-08-01 16:30:38,861 [INFO] PluginManage:310 - Check plugin cadmodel
2025-08-01 16:30:38,866 [INFO] CADModel:105 - Init CAD model plugin
2025-08-01 16:30:38,866 [INFO] PluginManage:359 - Loaded plugin cadmodel (category:power,tabindex:5)
2025-08-01 16:30:38,867 [INFO] PluginManage:310 - Check plugin clock
2025-08-01 16:30:38,877 [INFO] PluginManage:359 - Loaded plugin clock (category:base,tabindex:2)
2025-08-01 16:30:38,877 [INFO] PluginManage:310 - Check plugin ddr
2025-08-01 16:30:38,879 [INFO] PluginManage:359 - Loaded plugin ddr (category:tool,tabindex:6)
2025-08-01 16:30:38,880 [INFO] PluginManage:310 - Check plugin filemanager
2025-08-01 16:30:39,037 [INFO] PluginManage:359 - Loaded plugin filemanager (category:base,tabindex:10)
2025-08-01 16:30:39,037 [INFO] PluginManage:310 - Check plugin ipmanager
2025-08-01 16:30:39,049 [INFO] PluginManage:359 - Loaded plugin ipmanager (category:base,tabindex:5)
2025-08-01 16:30:39,050 [INFO] PluginManage:310 - Check plugin lpbam
2025-08-01 16:30:39,057 [INFO] PluginManage:359 - Loaded plugin lpbam (category:base,tabindex:0)
2025-08-01 16:30:39,057 [INFO] PluginManage:310 - Check plugin memorymap
2025-08-01 16:30:39,073 [INFO] PluginManage:359 - Loaded plugin memorymap (category:base,tabindex:4)
2025-08-01 16:30:39,073 [INFO] PluginManage:310 - Check plugin pinoutandconfiguration
2025-08-01 16:30:39,086 [INFO] PluginManage:359 - Loaded plugin pinoutandconfiguration (category:base,tabindex:1)
2025-08-01 16:30:39,086 [INFO] PluginManage:310 - Check plugin pinoutconfig
2025-08-01 16:30:39,191 [WARN] SupportedApi:132 - Cannot load RTOS API schema: s4s-elt-must-match.1: The content of 'definitions' must match (annotation?, (simpleType | complexType)?, (unique | key | keyref)*)). A problem was found starting at: attribute.
2025-08-01 16:30:39,361 [INFO] PluginManage:359 - Loaded plugin pinoutconfig (category:base,tabindex:0)
2025-08-01 16:30:39,361 [INFO] PluginManage:310 - Check plugin power
2025-08-01 16:30:39,369 [INFO] PluginManage:359 - Loaded plugin power (category:power,tabindex:4)
2025-08-01 16:30:39,370 [INFO] PluginManage:310 - Check plugin projectmanager
2025-08-01 16:30:39,391 [INFO] PluginManage:359 - Loaded plugin projectmanager (category:projectmanager,tabindex:4)
2025-08-01 16:30:39,391 [INFO] PluginManage:310 - Check plugin rif
2025-08-01 16:30:39,401 [INFO] PluginManage:359 - Loaded plugin rif (category:base,tabindex:3)
2025-08-01 16:30:39,401 [INFO] PluginManage:310 - Check plugin thirdparty
2025-08-01 16:30:39,580 [INFO] PluginManage:359 - Loaded plugin thirdparty (category:base,tabindex:-1)
2025-08-01 16:30:39,581 [INFO] PluginManage:310 - Check plugin tools
2025-08-01 16:30:39,581 [WARN] IntegrityCheckThread:84 - waiting for thirdparty lock release [integrity check]
2025-08-01 16:30:39,581 [INFO] IntegrityCheckThread:86 - entering critical section [integrity check]
2025-08-01 16:30:39,582 [INFO] ThirdPartyUpdaterWithRetryManager:70 - Updater plugin not ready yet. [1/15]
2025-08-01 16:30:39,584 [INFO] PluginManage:359 - Loaded plugin tools (category:base,tabindex:7)
2025-08-01 16:30:39,585 [INFO] PluginManage:310 - Check plugin tutovideos
2025-08-01 16:30:39,806 [INFO] PluginManage:359 - Loaded plugin tutovideos (category:base,tabindex:-1)
2025-08-01 16:30:39,807 [INFO] PluginManage:310 - Check plugin updater
2025-08-01 16:30:39,861 [INFO] PluginManage:359 - Loaded plugin updater (category:base,tabindex:12)
2025-08-01 16:30:39,861 [INFO] PluginManage:310 - Check plugin userauth
2025-08-01 16:30:39,870 [INFO] UserAuth:118 - Init User Auth plugin
2025-08-01 16:30:39,872 [INFO] PluginManage:359 - Loaded plugin userauth (category:base,tabindex:14)
2025-08-01 16:30:39,873 [INFO] PluginManage:283 - PluginManage : Loaded plugins [18]
2025-08-01 16:30:40,229 [INFO] PinOutPanel:1589 - setPackage(No Configuration,No Configuration)
2025-08-01 16:30:40,352 [INFO] CADModel:165 - CPN selected for project level
2025-08-01 16:30:40,353 [INFO] CADModel:114 - Register for checkConnection events
2025-08-01 16:30:40,371 [INFO] IPUIPlugin:80 - create IPUIPlugin
2025-08-01 16:30:40,372 [INFO] PluginManager:220 - loadIPPluginJar : add adc
2025-08-01 16:30:40,375 [INFO] IPUIPlugin:80 - create IPUIPlugin
2025-08-01 16:30:40,375 [INFO] PluginManager:220 - loadIPPluginJar : add aes
2025-08-01 16:30:40,379 [INFO] IPUIPlugin:80 - create IPUIPlugin
2025-08-01 16:30:40,380 [INFO] PluginManager:220 - loadIPPluginJar : add can
2025-08-01 16:30:40,382 [INFO] IPUIPlugin:80 - create IPUIPlugin
2025-08-01 16:30:40,382 [INFO] PluginManager:220 - loadIPPluginJar : add comp
2025-08-01 16:30:40,385 [INFO] IPUIPlugin:80 - create IPUIPlugin
2025-08-01 16:30:40,385 [INFO] PluginManager:220 - loadIPPluginJar : add cryp
2025-08-01 16:30:40,388 [INFO] IPUIPlugin:80 - create IPUIPlugin
2025-08-01 16:30:40,388 [INFO] PluginManager:220 - loadIPPluginJar : add ddr_ctrl_phy
2025-08-01 16:30:40,391 [INFO] IPUIPlugin:80 - create IPUIPlugin
2025-08-01 16:30:40,391 [INFO] PluginManager:220 - loadIPPluginJar : add dfsdm
2025-08-01 16:30:40,398 [INFO] IPUIPlugin:80 - create IPUIPlugin
2025-08-01 16:30:40,398 [INFO] PluginManager:220 - loadIPPluginJar : add dma
2025-08-01 16:30:40,402 [INFO] IPUIPlugin:80 - create IPUIPlugin
2025-08-01 16:30:40,402 [INFO] PluginManager:220 - loadIPPluginJar : add dma3
2025-08-01 16:30:40,405 [INFO] IPUIPlugin:80 - create IPUIPlugin
2025-08-01 16:30:40,405 [INFO] PluginManager:220 - loadIPPluginJar : add extmemmanager
2025-08-01 16:30:40,407 [INFO] IPUIPlugin:80 - create IPUIPlugin
2025-08-01 16:30:40,407 [INFO] PluginManager:220 - loadIPPluginJar : add fatfs
2025-08-01 16:30:40,414 [INFO] IPUIPlugin:80 - create IPUIPlugin
2025-08-01 16:30:40,414 [INFO] PluginManager:220 - loadIPPluginJar : add fmc
2025-08-01 16:30:40,420 [INFO] IPUIPlugin:80 - create IPUIPlugin
2025-08-01 16:30:40,420 [INFO] PluginManager:220 - loadIPPluginJar : add freertos
2025-08-01 16:30:40,422 [INFO] IPUIPlugin:80 - create IPUIPlugin
2025-08-01 16:30:40,422 [INFO] PluginManager:220 - loadIPPluginJar : add genericplugin
2025-08-01 16:30:40,424 [INFO] IPUIPlugin:80 - create IPUIPlugin
2025-08-01 16:30:40,424 [INFO] PluginManager:220 - loadIPPluginJar : add gfxmmu
2025-08-01 16:30:40,431 [INFO] IPUIPlugin:80 - create IPUIPlugin
2025-08-01 16:30:40,432 [INFO] PluginManager:220 - loadIPPluginJar : add gic
2025-08-01 16:30:40,437 [INFO] IPUIPlugin:80 - create IPUIPlugin
2025-08-01 16:30:40,437 [INFO] PluginManager:220 - loadIPPluginJar : add gpio
2025-08-01 16:30:40,440 [INFO] IPUIPlugin:80 - create IPUIPlugin
2025-08-01 16:30:40,440 [INFO] PluginManager:220 - loadIPPluginJar : add gtzc
2025-08-01 16:30:40,445 [INFO] IPUIPlugin:80 - create IPUIPlugin
2025-08-01 16:30:40,445 [INFO] PluginManager:220 - loadIPPluginJar : add hash
2025-08-01 16:30:40,450 [INFO] IPUIPlugin:80 - create IPUIPlugin
2025-08-01 16:30:40,450 [INFO] PluginManager:220 - loadIPPluginJar : add i2c
2025-08-01 16:30:40,481 [INFO] IPUIPlugin:80 - create IPUIPlugin
2025-08-01 16:30:40,484 [INFO] PluginManager:220 - loadIPPluginJar : add i2s
2025-08-01 16:30:40,489 [INFO] IPUIPlugin:80 - create IPUIPlugin
2025-08-01 16:30:40,489 [INFO] PluginManager:220 - loadIPPluginJar : add i3c
2025-08-01 16:30:40,495 [INFO] IPUIPlugin:80 - create IPUIPlugin
2025-08-01 16:30:40,496 [INFO] PluginManager:220 - loadIPPluginJar : add ipddr
2025-08-01 16:30:40,505 [INFO] IPUIPlugin:80 - create IPUIPlugin
2025-08-01 16:30:40,506 [INFO] PluginManager:220 - loadIPPluginJar : add linkedlist
2025-08-01 16:30:40,512 [INFO] IPUIPlugin:80 - create IPUIPlugin
2025-08-01 16:30:40,512 [INFO] PluginManager:220 - loadIPPluginJar : add lorawan
2025-08-01 16:30:40,514 [INFO] IPUIPlugin:80 - create IPUIPlugin
2025-08-01 16:30:40,514 [INFO] PluginManager:220 - loadIPPluginJar : add ltdc
2025-08-01 16:30:40,522 [INFO] IPUIPlugin:80 - create IPUIPlugin
2025-08-01 16:30:40,522 [INFO] PluginManager:220 - loadIPPluginJar : add mdma
2025-08-01 16:30:40,529 [INFO] IPUIPlugin:80 - create IPUIPlugin
2025-08-01 16:30:40,529 [INFO] PluginManager:220 - loadIPPluginJar : add nvic
2025-08-01 16:30:40,535 [INFO] IPUIPlugin:80 - create IPUIPlugin
2025-08-01 16:30:40,535 [INFO] PluginManager:220 - loadIPPluginJar : add opamp
2025-08-01 16:30:40,540 [INFO] IPUIPlugin:80 - create IPUIPlugin
2025-08-01 16:30:40,541 [INFO] PluginManager:220 - loadIPPluginJar : add openamp
2025-08-01 16:30:40,547 [INFO] IPUIPlugin:80 - create IPUIPlugin
2025-08-01 16:30:40,547 [INFO] PluginManager:220 - loadIPPluginJar : add pdm2pcm
2025-08-01 16:30:40,555 [INFO] IPUIPlugin:80 - create IPUIPlugin
2025-08-01 16:30:40,557 [INFO] PluginManager:220 - loadIPPluginJar : add plateformsettings
2025-08-01 16:30:40,562 [INFO] IPUIPlugin:80 - create IPUIPlugin
2025-08-01 16:30:40,562 [INFO] PluginManager:220 - loadIPPluginJar : add quadspi
2025-08-01 16:30:40,565 [INFO] IPUIPlugin:80 - create IPUIPlugin
2025-08-01 16:30:40,567 [INFO] PluginManager:220 - loadIPPluginJar : add radio
2025-08-01 16:30:40,571 [INFO] IPUIPlugin:80 - create IPUIPlugin
2025-08-01 16:30:40,572 [INFO] PluginManager:220 - loadIPPluginJar : add resmgrutility
2025-08-01 16:30:40,576 [INFO] IPUIPlugin:80 - create IPUIPlugin
2025-08-01 16:30:40,577 [INFO] PluginManager:220 - loadIPPluginJar : add sai
2025-08-01 16:30:40,580 [INFO] IPUIPlugin:80 - create IPUIPlugin
2025-08-01 16:30:40,580 [INFO] PluginManager:220 - loadIPPluginJar : add spi
2025-08-01 16:30:40,587 [INFO] IPUIPlugin:80 - create IPUIPlugin
2025-08-01 16:30:40,588 [INFO] PluginManager:220 - loadIPPluginJar : add stm32_wpan
2025-08-01 16:30:40,590 [INFO] IPUIPlugin:80 - create IPUIPlugin
2025-08-01 16:30:40,590 [INFO] PluginManager:220 - loadIPPluginJar : add tim
2025-08-01 16:30:40,595 [INFO] IPUIPlugin:80 - create IPUIPlugin
2025-08-01 16:30:40,596 [INFO] PluginManager:220 - loadIPPluginJar : add touchsensing
2025-08-01 16:30:40,599 [INFO] IPUIPlugin:80 - create IPUIPlugin
2025-08-01 16:30:40,599 [INFO] PluginManager:220 - loadIPPluginJar : add tracer_emb
2025-08-01 16:30:40,601 [INFO] IPUIPlugin:80 - create IPUIPlugin
2025-08-01 16:30:40,601 [INFO] PluginManager:220 - loadIPPluginJar : add ts
2025-08-01 16:30:40,604 [INFO] IPUIPlugin:80 - create IPUIPlugin
2025-08-01 16:30:40,604 [INFO] PluginManager:220 - loadIPPluginJar : add tsc
2025-08-01 16:30:40,606 [INFO] IPUIPlugin:80 - create IPUIPlugin
2025-08-01 16:30:40,606 [INFO] PluginManager:220 - loadIPPluginJar : add ucpd
2025-08-01 16:30:40,610 [INFO] IPUIPlugin:80 - create IPUIPlugin
2025-08-01 16:30:40,610 [INFO] PluginManager:220 - loadIPPluginJar : add usart
2025-08-01 16:30:40,614 [INFO] IPUIPlugin:80 - create IPUIPlugin
2025-08-01 16:30:40,614 [INFO] PluginManager:220 - loadIPPluginJar : add usbx
2025-08-01 16:30:40,765 [FATAL] Updater:351 - Updater called before beeing initialized
2025-08-01 16:30:40,858 [INFO] RulesReader:64 - Compatibility file has been processed (317 Rules)
2025-08-01 16:30:40,883 [INFO] RulesReader:64 - Compatibility file has been processed (317 Rules)
2025-08-01 16:30:40,903 [INFO] CADModel:165 - CPN selected for project level
2025-08-01 16:30:40,903 [INFO] CADModel:114 - Register for checkConnection events
2025-08-01 16:30:40,904 [FATAL] Updater:351 - Updater called before beeing initialized
2025-08-01 16:30:40,904 [ERROR] CADModel:125 - Updater not yet initialized, retry later 
2025-08-01 16:30:41,100 [FATAL] Updater:351 - Updater called before beeing initialized
2025-08-01 16:30:41,101 [INFO] CADModel:165 - CPN selected for project level
2025-08-01 16:30:41,101 [INFO] CADModel:114 - Register for checkConnection events
2025-08-01 16:30:41,101 [FATAL] Updater:351 - Updater called before beeing initialized
2025-08-01 16:30:41,101 [ERROR] CADModel:125 - Updater not yet initialized, retry later 
2025-08-01 16:30:41,105 [FATAL] Updater:351 - Updater called before beeing initialized
2025-08-01 16:30:41,266 [FATAL] Updater:351 - Updater called before beeing initialized
2025-08-01 16:30:41,271 [INFO] DbMcusAds:53 - JSON generation date=Tue Jul 08 17:14:23 KST 2025 (1751962463582)
2025-08-01 16:30:41,272 [FATAL] Updater:351 - Updater called before beeing initialized
2025-08-01 16:30:41,309 [WARN] DetailPanel:346 - Failed to get advertising image, set to default
2025-08-01 16:30:41,431 [FATAL] Updater:351 - Updater called before beeing initialized
2025-08-01 16:30:41,433 [FATAL] Updater:351 - Updater called before beeing initialized
2025-08-01 16:30:41,434 [FATAL] Updater:351 - Updater called before beeing initialized
2025-08-01 16:30:41,434 [WARN] DetailPanel:346 - Failed to get advertising image, set to default
2025-08-01 16:30:41,435 [FATAL] Updater:351 - Updater called before beeing initialized
2025-08-01 16:30:41,491 [ERROR] Updater:1198 - MainUpdater not yet initialized. External WinMGr cannot be set.
2025-08-01 16:30:41,493 [INFO] Updater:1134 - Updater Version found : 6.15.0
2025-08-01 16:30:41,516 [INFO] ApplicationProperties:184 - Using Application install path: C:\ST\STM32CubeIDE_1.19.0\STM32CubeIDE\plugins\com.st.stm32cube.common.mx_6.15.0.202507011659
2025-08-01 16:30:42,582 [INFO] ThirdPartyUpdaterWithRetryManager:70 - Updater plugin not ready yet. [2/15]
2025-08-01 16:30:43,124 [ERROR] LogOutputStream:75 - [STDERR_REDIRECT] Aug 01, 2025 4:30:43 PM java.util.prefs.WindowsPreferences <init>
2025-08-01 16:30:43,126 [ERROR] LogOutputStream:75 - [STDERR_REDIRECT] WARNING: Could not open/create prefs root node Software\JavaSoft\Prefs at root 0xffffffff80000002. Windows RegCreateKeyEx(...) returned error code 5.
2025-08-01 16:30:43,127 [ERROR] LogOutputStream:75 - [STDERR_REDIRECT] 
2025-08-01 16:30:44,008 [INFO] MainUpdater:2872 - connection check result : 10
2025-08-01 16:30:44,010 [INFO] MainUpdater:289 - Updater Check For Update Now.
2025-08-01 16:30:44,010 [INFO] MicroXplorer:498 - Change Database Version : DB.6.0.150
2025-08-01 16:30:44,032 [INFO] McuFinderGlobals:63 - Set McuFinder mode to 2 (CubeIDE integrated)
2025-08-01 16:30:44,033 [INFO] UserAuth:171 - activating auth plugin
2025-08-01 16:30:44,035 [INFO] UserAuth:487 - Internet connection configuration mode: 1
2025-08-01 16:30:44,067 [INFO] JxBrowserEngine:152 - Initiate JxBrowser Engine with user profile folder
2025-08-01 16:30:44,202 [INFO] CheckServerUpdateThread:120 - End of CheckServer Thread
2025-08-01 16:30:44,808 [INFO] WebApp:169 - Instantiating new browser for Auth
2025-08-01 16:30:45,656 [INFO] WebApp:463 - Apply proxy settings
2025-08-01 16:30:45,656 [INFO] WebApp:548 - Chromium requires no authentication
2025-08-01 16:30:45,678 [INFO] WebApp:491 - Direct internet connection detected
2025-08-01 16:30:45,718 [INFO] WebApp:900 - Register for checkConnection events
2025-08-01 16:30:45,719 [INFO] WebApp:463 - Apply proxy settings
2025-08-01 16:30:45,719 [INFO] WebApp:548 - Chromium requires no authentication
2025-08-01 16:30:45,720 [INFO] WebApp:491 - Direct internet connection detected
2025-08-01 16:30:45,952 [INFO] WebApp:225 - Starting web application
2025-08-01 16:30:45,952 [INFO] WebApp:593 - Web application path used C:\ST\STM32CubeIDE_1.19.0\STM32CubeIDE\plugins\com.st.stm32cube.common.mx_6.15.0.202507011659\db\plugins\mcufinder\reactClient1\index.html
2025-08-01 16:30:46,031 [WARN] PackLoader:240 - Cannot read IP mode file for STMicroelectronics.FP-SNS-MOTENVWB1.1.4.0
2025-08-01 16:30:46,044 [WARN] PackLoader:240 - Cannot read IP mode file for STMicroelectronics.FP-ATR-ASTRA1.2.0.2
2025-08-01 16:30:46,054 [WARN] PackLoader:240 - Cannot read IP mode file for STMicroelectronics.X-CUBE-SMBUS.2.1.0
2025-08-01 16:30:46,061 [WARN] PackLoader:240 - Cannot read IP mode file for STMicroelectronics.X-CUBE-ST60.1.0.0
2025-08-01 16:30:46,101 [WARN] PackLoader:240 - Cannot read IP mode file for STMicroelectronics.X-CUBE-AZRTOS-F7.1.1.0
2025-08-01 16:30:46,141 [WARN] PackLoader:240 - Cannot read IP mode file for Infineon.AIROC-Wi-Fi-Bluetooth-STM32.1.7.1
2025-08-01 16:30:46,158 [WARN] PackLoader:240 - Cannot read IP mode file for STMicroelectronics.X-CUBE-DISPLAY.3.0.0
2025-08-01 16:30:46,178 [WARN] PackLoader:240 - Cannot read IP mode file for STMicroelectronics.X-CUBE-NFC10.1.0.0
2025-08-01 16:30:46,192 [WARN] PackLoader:240 - Cannot read IP mode file for STMicroelectronics.X-CUBE-BLEMGR.4.0.0
2025-08-01 16:30:46,206 [WARN] PackLoader:240 - Cannot read IP mode file for emotas.I-CUBE-CANOPEN.1.3.0
2025-08-01 16:30:46,218 [WARN] PackLoader:240 - Cannot read IP mode file for STMicroelectronics.FP-SNS-STBOX1.2.1.0
2025-08-01 16:30:46,228 [WARN] PackLoader:240 - Cannot read IP mode file for STMicroelectronics.FP-SNS-SMARTAG2.1.2.0
2025-08-01 16:30:46,236 [WARN] PackLoader:240 - Cannot read IP mode file for STMicroelectronics.FP-SNS-FLIGHT1.5.1.0
2025-08-01 16:30:46,248 [INFO] LogOutputStream:77 - [STDOUT_REDIRECT] 1 : Invalid condition id : UX_CORESTACK_Condition cause : null
2025-08-01 16:30:46,250 [INFO] LogOutputStream:77 - [STDOUT_REDIRECT] 1 : Invalid condition id : UX_CORESTACK_Condition cause : null
2025-08-01 16:30:46,251 [INFO] LogOutputStream:77 - [STDOUT_REDIRECT] 1 : Invalid condition id : UX_CORESTACK_Condition cause : null
2025-08-01 16:30:46,253 [INFO] LogOutputStream:77 - [STDOUT_REDIRECT] 1 : Invalid condition id : UX_CORESTACK_Condition cause : null
2025-08-01 16:30:46,254 [INFO] LogOutputStream:77 - [STDOUT_REDIRECT] 1 : Invalid condition id : UX_CORESTACK_Condition cause : null
2025-08-01 16:30:46,257 [WARN] PackLoader:240 - Cannot read IP mode file for STMicroelectronics.X-CUBE-AZRTOS-WL.2.0.0
2025-08-01 16:30:46,266 [WARN] PackLoader:240 - Cannot read IP mode file for STMicroelectronics.FP-SNS-MOTENV1.5.0.0
2025-08-01 16:30:46,284 [WARN] PackLoader:240 - Cannot read IP mode file for WES.I-CUBE-Cesium.1.3.0
2025-08-01 16:30:46,293 [WARN] PackLoader:240 - Cannot read IP mode file for STMicroelectronics.X-CUBE-BLE2.3.3.0
2025-08-01 16:30:46,304 [WARN] PackLoader:240 - Cannot read IP mode file for STMicroelectronics.X-CUBE-NFC9.1.0.0
2025-08-01 16:30:46,316 [WARN] PackLoader:240 - Cannot read IP mode file for wolfSSL.I-CUBE-wolfSSL.5.8.2
2025-08-01 16:30:46,325 [WARN] PackLoader:240 - Cannot read IP mode file for STMicroelectronics.X-CUBE-BLE1.7.1.0
2025-08-01 16:30:46,333 [WARN] PackLoader:240 - Cannot read IP mode file for wolfSSL.I-CUBE-wolfMQTT.1.19.2
2025-08-01 16:30:46,336 [INFO] WebApp:191 - Connection restablished
2025-08-01 16:30:46,341 [WARN] PackLoader:240 - Cannot read IP mode file for STMicroelectronics.X-CUBE-AI.10.1.0
2025-08-01 16:30:46,374 [WARN] PackLoader:240 - Cannot read IP mode file for STMicroelectronics.X-CUBE-AZRTOS-G0.1.1.0
2025-08-01 16:30:46,387 [WARN] PackLoader:240 - Cannot read IP mode file for STMicroelectronics.X-CUBE-SAFEA1.1.2.2
2025-08-01 16:30:46,397 [WARN] PackLoader:240 - Cannot read IP mode file for STMicroelectronics.X-CUBE-NFC4.3.0.0
2025-08-01 16:30:46,412 [WARN] PackLoader:240 - Cannot read IP mode file for EmbeddedOffice.I-CUBE-FS-RTOS.1.0.1
2025-08-01 16:30:46,423 [WARN] PackLoader:240 - Cannot read IP mode file for STMicroelectronics.X-CUBE-WB05N.2.0.0
2025-08-01 16:30:46,435 [WARN] PackLoader:240 - Cannot read IP mode file for wolfSSL.I-CUBE-wolfTPM.3.8.0
2025-08-01 16:30:46,446 [WARN] PackLoader:240 - Cannot read IP mode file for STMicroelectronics.X-CUBE-TCPP.4.2.0
2025-08-01 16:30:46,461 [WARN] PackLoader:240 - Cannot read IP mode file for RealThread.X-CUBE-RT-Thread_Nano.4.1.1
2025-08-01 16:30:46,469 [WARN] PackLoader:240 - Cannot read IP mode file for STMicroelectronics.FP-ATR-SIGFOX1.3.2.0
2025-08-01 16:30:46,482 [WARN] PackLoader:240 - Cannot read IP mode file for ITTIA_DB.I-CUBE-ITTIADB.8.9.0
2025-08-01 16:30:46,497 [WARN] PackLoader:240 - Cannot read IP mode file for STMicroelectronics.X-CUBE-ST67W61.1.0.0
2025-08-01 16:30:46,532 [WARN] PackLoader:240 - Cannot read IP mode file for SEGGER.I-CUBE-embOS.1.3.1
2025-08-01 16:30:46,580 [WARN] PackLoader:240 - Cannot read IP mode file for STMicroelectronics.X-CUBE-ALGOBUILD.1.4.0
2025-08-01 16:30:46,628 [WARN] PackLoader:240 - Cannot read IP mode file for STMicroelectronics.X-CUBE-MEMS1.11.3.0
2025-08-01 16:30:46,825 [WARN] PackLoader:240 - Cannot read IP mode file for STMicroelectronics.X-CUBE-PM33A1.1.0.0
2025-08-01 16:30:46,846 [WARN] PackLoader:240 - Cannot read IP mode file for STMicroelectronics.X-CUBE-AZRTOS-F4.1.1.0
2025-08-01 16:30:46,857 [WARN] PackLoader:240 - Cannot read IP mode file for Avnet-IotConnect.X-CUBE-IoTC-DA16k-PMOD.1.0.0
2025-08-01 16:30:46,865 [WARN] PackLoader:240 - Cannot read IP mode file for STMicroelectronics.X-CUBE-ISPU.2.1.0
2025-08-01 16:30:46,884 [WARN] PackLoader:240 - Cannot read IP mode file for STMicroelectronics.X-CUBE-AZRTOS-L5.2.0.0
2025-08-01 16:30:46,898 [WARN] PackLoader:240 - Cannot read IP mode file for STMicroelectronics.X-CUBE-NFC6.3.1.0
2025-08-01 16:30:46,909 [WARN] PackLoader:240 - Cannot read IP mode file for STMicroelectronics.X-CUBE-FREERTOS.1.3.1
2025-08-01 16:30:46,919 [WARN] PackLoader:240 - Cannot read IP mode file for STMicroelectronics.X-CUBE-DPower.1.3.0
2025-08-01 16:30:46,933 [WARN] ConditionMgr:438 - getConditionDescription Invalid condition id : LAN8742 Phy interface Condition cause : null
2025-08-01 16:30:46,934 [WARN] PackLoader:240 - Cannot read IP mode file for STMicroelectronics.X-CUBE-AZRTOS-L4.2.0.0
2025-08-01 16:30:46,934 [WARN] ConditionMgr:1044 - genDependencies : Invalid condition id : LAN8742 Phy interface Condition cause : null
2025-08-01 16:30:46,935 [WARN] ConditionMgr:1044 - genDependencies : Invalid condition id : LAN8742 Phy interface Condition cause : null
2025-08-01 16:30:46,935 [WARN] ConditionMgr:1044 - genDependencies : Invalid condition id : LAN8742 Phy interface Condition cause : null
2025-08-01 16:30:46,943 [WARN] PackLoader:240 - Cannot read IP mode file for STMicroelectronics.X-CUBE-SFXS2LP1.4.0.0
2025-08-01 16:30:46,950 [WARN] PackLoader:240 - Cannot read IP mode file for STMicroelectronics.X-CUBE-BLEMGR.4.1.0
2025-08-01 16:30:46,962 [WARN] ConditionMgr:438 - getConditionDescription Invalid condition id : UX DEVICE CLASS RTOS Condition cause : null
2025-08-01 16:30:46,962 [WARN] ConditionMgr:438 - getConditionDescription Invalid condition id : UX DEVICE CLASS RTOS Condition cause : null
2025-08-01 16:30:46,963 [WARN] PackLoader:240 - Cannot read IP mode file for STMicroelectronics.X-CUBE-AZRTOS-WB.2.0.0
2025-08-01 16:30:46,964 [WARN] ConditionMgr:1044 - genDependencies : Invalid condition id : UX DEVICE CLASS RTOS Condition cause : null
2025-08-01 16:30:46,964 [WARN] ConditionMgr:1044 - genDependencies : Invalid condition id : UX DEVICE CLASS RTOS Condition cause : null
2025-08-01 16:30:46,964 [WARN] ConditionMgr:1044 - genDependencies : Invalid condition id : UX DEVICE CLASS RTOS Condition cause : null
2025-08-01 16:30:46,964 [WARN] ConditionMgr:1044 - genDependencies : Invalid condition id : UX DEVICE CLASS RTOS Condition cause : null
2025-08-01 16:30:46,964 [WARN] ConditionMgr:1044 - genDependencies : Invalid condition id : UX DEVICE CLASS RTOS Condition cause : null
2025-08-01 16:30:46,971 [WARN] PackLoader:240 - Cannot read IP mode file for STMicroelectronics.X-CUBE-GNSS1.7.0.1
2025-08-01 16:30:46,980 [WARN] PackLoader:240 - Cannot read IP mode file for STMicroelectronics.X-CUBE-TOUCHGFX.4.25.0
2025-08-01 16:30:46,987 [WARN] PackLoader:240 - Cannot read IP mode file for STMicroelectronics.FP-SNS-STBOX1.2.0.0
2025-08-01 16:30:47,000 [WARN] ConditionMgr:438 - getConditionDescription Invalid condition id : Cortex-A Device cause : null
2025-08-01 16:30:47,024 [INFO] LogOutputStream:77 - [STDOUT_REDIRECT] [ThirdParty] unknown protocol: c
2025-08-01 16:30:47,024 [WARN] PackLoader:240 - Cannot read IP mode file for quantropi.X-CUBE-qispace-sdk-base.2.1.0
2025-08-01 16:30:47,024 [WARN] ConditionMgr:1044 - genDependencies : Invalid condition id : Cortex-A Device cause : null
2025-08-01 16:30:47,024 [WARN] ConditionMgr:1044 - genDependencies : Invalid condition id : Cortex-A Device cause : null
2025-08-01 16:30:47,024 [WARN] ConditionMgr:1044 - genDependencies : Invalid condition id : Cortex-A Device cause : null
2025-08-01 16:30:47,041 [WARN] PackLoader:240 - Cannot read IP mode file for STMicroelectronics.X-CUBE-SUBG2.5.0.0
2025-08-01 16:30:47,059 [WARN] PackLoader:240 - Cannot read IP mode file for STMicroelectronics.X-CUBE-AZRTOS-H7RS.1.1.0
2025-08-01 16:30:47,074 [WARN] PackLoader:240 - Cannot read IP mode file for Cesanta.I-CUBE-Mongoose.7.13.0
2025-08-01 16:30:47,089 [WARN] PackLoader:240 - Cannot read IP mode file for STMicroelectronics.X-CUBE-AZRTOS-G4.2.0.0
2025-08-01 16:30:47,099 [WARN] PackLoader:240 - Cannot read IP mode file for wolfSSL.I-CUBE-wolfSSH.1.4.20
2025-08-01 16:30:47,108 [WARN] PackLoader:240 - Cannot read IP mode file for STMicroelectronics.X-CUBE-NFC7.2.0.0
2025-08-01 16:30:47,121 [WARN] PackLoader:240 - Cannot read IP mode file for STMicroelectronics.X-CUBE-IPS.3.1.0
2025-08-01 16:30:47,132 [WARN] PackLoader:240 - Cannot read IP mode file for STMicroelectronics.X-CUBE-ALS.1.0.2
2025-08-01 16:30:47,142 [WARN] PackLoader:240 - Cannot read IP mode file for portGmbH.I-Cube-SoM-uGOAL.1.1.0
2025-08-01 16:30:47,154 [WARN] PackLoader:240 - Cannot read IP mode file for STMicroelectronics.X-CUBE-TOF1.3.4.3
2025-08-01 16:30:47,160 [INFO] ThirdParty:978 - Integrity check success = true
2025-08-01 16:30:47,160 [INFO] IntegrityCheckThread:100 - exiting critical section [integrity check]
2025-08-01 16:30:47,160 [INFO] IntegrityCheckThread:103 - End integrity checks thread
2025-08-01 16:35:50,950 [ERROR] LogOutputStream:75 - [STDERR_REDIRECT] 
